<?xml version="1.0" encoding="UTF-8"?>
<testsuite name="AccountsIntegrationTest" tests="4" skipped="0" failures="0" errors="0" timestamp="2020-05-15T23:40:21" hostname="Cedrics-MacBook-Pro.local" time="1.735">
  <properties/>
  <testcase name="testCreateAccount" classname="AccountsIntegrationTest" time="1.487"/>
  <testcase name="testUpdateAccount" classname="AccountsIntegrationTest" time="0.077"/>
  <testcase name="testGetAllAccounts" classname="AccountsIntegrationTest" time="0.068"/>
  <testcase name="testDeleteAccount" classname="AccountsIntegrationTest" time="0.1"/>
  <system-out><![CDATA[]]></system-out>
  <system-err><![CDATA[]]></system-err>
</testsuite>
